

Processing UsersController#index (for 127.0.0.1 at 2010-08-02 13:24:12) [GET]
  [4;36;1mUser Load (0.0ms)[0m   [0;1mSQLite3::SQLException: no such table: users: SELECT * FROM "users" [0m

ActiveRecord::StatementInvalid (SQLite3::SQLException: no such table: users: SELECT * FROM "users" ):
  app/controllers/users_controller.rb:6:in `index'
  -e:2:in `load'
  -e:2

Rendered rescues/_trace (75.0ms)
Rendered rescues/_request_and_response (3.0ms)
Rendering rescues/layout (internal_server_error)
  [4;36;1mSQL (0.0ms)[0m   [0;1m SELECT name
 FROM sqlite_master
 WHERE type = 'table' AND NOT name = 'sqlite_sequence'
[0m
  [4;35;1mSQL (1.0ms)[0m   [0mselect sqlite_version(*)[0m
  [4;36;1mSQL (74.0ms)[0m   [0;1mCREATE TABLE "schema_migrations" ("version" varchar(255) NOT NULL) [0m
  [4;35;1mSQL (0.0ms)[0m   [0mPRAGMA index_list("schema_migrations")[0m
  [4;36;1mSQL (100.0ms)[0m   [0;1mCREATE UNIQUE INDEX "unique_schema_migrations" ON "schema_migrations" ("version")[0m
  [4;35;1mSQL (0.0ms)[0m   [0m SELECT name
 FROM sqlite_master
 WHERE type = 'table' AND NOT name = 'sqlite_sequence'
[0m
  [4;36;1mSQL (0.0ms)[0m   [0;1mSELECT version FROM schema_migrations[0m
Migrating to CreateUsers (20100731072840)
  [4;35;1mSQL (1.0ms)[0m   [0mCREATE TABLE "users" ("id" INTEGER PRIMARY KEY AUTOINCREMENT NOT NULL, "identifier" varchar(255), "username" varchar(255), "email" varchar(255), "created_at" datetime, "updated_at" datetime) [0m
  [4;36;1mSQL (1.0ms)[0m   [0;1mPRAGMA index_list("users")[0m
  [4;35;1mSQL (0.0ms)[0m   [0mCREATE INDEX "index_users_on_identifier" ON "users" ("identifier")[0m
  [4;36;1mSQL (0.0ms)[0m   [0;1mINSERT INTO schema_migrations (version) VALUES ('20100731072840')[0m
  [4;35;1mSQL (1.0ms)[0m   [0m SELECT name
 FROM sqlite_master
 WHERE type = 'table' AND NOT name = 'sqlite_sequence'
[0m
  [4;36;1mSQL (0.0ms)[0m   [0;1mSELECT version FROM schema_migrations[0m
  [4;35;1mSQL (0.0ms)[0m   [0m SELECT name
 FROM sqlite_master
 WHERE type = 'table' AND NOT name = 'sqlite_sequence'
[0m
  [4;36;1mSQL (0.0ms)[0m   [0;1mPRAGMA index_list("users")[0m
  [4;35;1mSQL (0.0ms)[0m   [0mPRAGMA index_info('index_users_on_identifier')[0m


Processing UsersController#index (for 127.0.0.1 at 2010-08-02 13:25:47) [GET]
  [4;35;1mUser Load (0.0ms)[0m   [0mSELECT * FROM "users" [0m
Rendering template within layouts/application
Rendering users/index
  [4;36;1mUser Load (1.0ms)[0m   [0;1mSELECT * FROM "users" WHERE ("users"."id" = 21) LIMIT 1[0m
Completed in 74ms (View: 63, DB: 1) | 200 OK [http://localhost/]


Processing UserSessionsController#create (for 127.0.0.1 at 2010-08-02 14:01:57) [POST]
  Parameters: {"token"=>"7575029c08f8c6f89dc64f92c39e66b2f390dae2"}
  [4;35;1mUser Load (1.0ms)[0m   [0mSELECT * FROM "users" WHERE ("users"."identifier" = 'http://twitter.com/account/profile?user_id=10705042') LIMIT 1[0m
  [4;36;1mUser Create (2.0ms)[0m   [0;1mINSERT INTO "users" ("created_at", "updated_at", "username", "identifier", "email") VALUES('2010-08-02 11:01:59', '2010-08-02 11:01:59', 'HatemMahmoud', 'http://twitter.com/account/profile?user_id=10705042', NULL)[0m
Redirected to http://localhost:3007/users/1/edit
Completed in 1634ms (DB: 3) | 302 Found [http://localhost/user_sessions]


Processing UsersController#edit (for 127.0.0.1 at 2010-08-02 14:02:00) [GET]
  Parameters: {"id"=>"1"}
  [4;35;1mUser Load (1.0ms)[0m   [0mSELECT * FROM "users" WHERE ("users"."id" = 1) LIMIT 1[0m
  [4;36;1mUser Load (1.0ms)[0m   [0;1mSELECT * FROM "users" WHERE ("users"."id" = 1) [0m
Rendering template within layouts/application
Rendering users/edit
Completed in 38ms (View: 24, DB: 2) | 200 OK [http://localhost/users/1/edit]


Processing UsersController#index (for 127.0.0.1 at 2010-08-02 14:02:12) [GET]
  [4;35;1mUser Load (1.0ms)[0m   [0mSELECT * FROM "users" [0m
Rendering template within layouts/application
Rendering users/index
  [4;36;1mUser Load (0.0ms)[0m   [0;1mSELECT "users".id FROM "users" WHERE (LOWER("users"."identifier") = 'http://twitter.com/account/profile?user_id=10705042' AND "users".id <> 1) LIMIT 1[0m
  [4;35;1mUser Load (0.0ms)[0m   [0mSELECT "users".id FROM "users" WHERE (LOWER("users"."username") = 'hatemmahmoud' AND "users".id <> 1) LIMIT 1[0m
  [4;36;1mUser Load (0.0ms)[0m   [0;1mSELECT "users".id FROM "users" WHERE ("users"."email" IS NULL AND "users".id <> 1) LIMIT 1[0m
  [4;35;1mUser Load (0.0ms)[0m   [0mSELECT * FROM "users" WHERE ("users"."id" = 1) LIMIT 1[0m
Completed in 266ms (View: 250, DB: 1) | 200 OK [http://localhost/]


Processing UsersController#destroy (for 127.0.0.1 at 2010-08-02 14:02:37) [DELETE]
  Parameters: {"authenticity_token"=>"HnlDjez0WSlb+5gWLhv+Z8AxUOhAE7tfFa0DRtUCGbg=", "id"=>"1"}
  [4;36;1mUser Load (0.0ms)[0m   [0;1mSELECT * FROM "users" WHERE ("users"."id" = 1) LIMIT 1[0m
  [4;35;1mUser Load (0.0ms)[0m   [0mSELECT "users".id FROM "users" WHERE (LOWER("users"."identifier") = 'http://twitter.com/account/profile?user_id=10705042' AND "users".id <> 1) LIMIT 1[0m
  [4;36;1mUser Load (1.0ms)[0m   [0;1mSELECT "users".id FROM "users" WHERE (LOWER("users"."username") = 'hatemmahmoud' AND "users".id <> 1) LIMIT 1[0m
  [4;35;1mUser Load (1.0ms)[0m   [0mSELECT "users".id FROM "users" WHERE ("users"."email" IS NULL AND "users".id <> 1) LIMIT 1[0m
Redirected to http://localhost:3007/users/1/edit
Filter chain halted as [:require_valid_user] rendered_or_redirected.
Completed in 29ms (DB: 2) | 302 Found [http://localhost/users/1]


Processing UsersController#edit (for 127.0.0.1 at 2010-08-02 14:02:38) [GET]
  Parameters: {"id"=>"1"}
  [4;36;1mUser Load (1.0ms)[0m   [0;1mSELECT * FROM "users" WHERE ("users"."id" = 1) LIMIT 1[0m
  [4;35;1mUser Load (0.0ms)[0m   [0mSELECT * FROM "users" WHERE ("users"."id" = 1) [0m
Rendering template within layouts/application
Rendering users/edit
Completed in 45ms (View: 24, DB: 1) | 200 OK [http://localhost/users/1/edit]


Processing UsersController#update (for 127.0.0.1 at 2010-08-02 14:02:50) [PUT]
  Parameters: {"commit"=>"Save", "authenticity_token"=>"HnlDjez0WSlb+5gWLhv+Z8AxUOhAE7tfFa0DRtUCGbg=", "id"=>"1", "user"=>{"username"=>"HatemMahmoud", "email"=>"aaa@aaa.ccc"}}
  [4;36;1mUser Load (0.0ms)[0m   [0;1mSELECT * FROM "users" WHERE ("users"."id" = 1) LIMIT 1[0m
  [4;35;1mUser Load (1.0ms)[0m   [0mSELECT * FROM "users" WHERE ("users"."id" = 1) [0m
  [4;36;1mUser Load (0.0ms)[0m   [0;1mSELECT "users".id FROM "users" WHERE (LOWER("users"."identifier") = 'http://twitter.com/account/profile?user_id=10705042' AND "users".id <> 1) LIMIT 1[0m
  [4;35;1mUser Load (1.0ms)[0m   [0mSELECT "users".id FROM "users" WHERE (LOWER("users"."username") = 'hatemmahmoud' AND "users".id <> 1) LIMIT 1[0m
  [4;36;1mUser Load (0.0ms)[0m   [0;1mSELECT "users".id FROM "users" WHERE (LOWER("users"."email") = 'aaa@aaa.ccc' AND "users".id <> 1) LIMIT 1[0m
  [4;35;1mUser Update (1.0ms)[0m   [0mUPDATE "users" SET "updated_at" = '2010-08-02 11:02:50', "email" = 'aaa@aaa.ccc' WHERE "id" = 1[0m
Redirected to http://localhost:3007/users/1
Completed in 94ms (DB: 3) | 302 Found [http://localhost/users/1]


Processing UsersController#show (for 127.0.0.1 at 2010-08-02 14:02:51) [GET]
  Parameters: {"id"=>"1"}
  [4;36;1mUser Load (0.0ms)[0m   [0;1mSELECT * FROM "users" WHERE ("users"."id" = 1) LIMIT 1[0m
  [4;35;1mUser Load (0.0ms)[0m   [0mSELECT "users".id FROM "users" WHERE (LOWER("users"."identifier") = 'http://twitter.com/account/profile?user_id=10705042' AND "users".id <> 1) LIMIT 1[0m
  [4;36;1mUser Load (0.0ms)[0m   [0;1mSELECT "users".id FROM "users" WHERE (LOWER("users"."username") = 'hatemmahmoud' AND "users".id <> 1) LIMIT 1[0m
  [4;35;1mUser Load (0.0ms)[0m   [0mSELECT "users".id FROM "users" WHERE (LOWER("users"."email") = 'aaa@aaa.ccc' AND "users".id <> 1) LIMIT 1[0m
  [4;36;1mUser Load (1.0ms)[0m   [0;1mSELECT * FROM "users" WHERE ("users"."id" = 1) [0m
Rendering template within layouts/application
Rendering users/show
Completed in 27ms (View: 9, DB: 1) | 200 OK [http://localhost/users/1]


Processing UsersController#index (for 127.0.0.1 at 2010-08-02 14:02:59) [GET]
  [4;35;1mUser Load (2.0ms)[0m   [0mSELECT * FROM "users" [0m
Rendering template within layouts/application
Rendering users/index
  [4;36;1mUser Load (0.0ms)[0m   [0;1mSELECT "users".id FROM "users" WHERE (LOWER("users"."identifier") = 'http://twitter.com/account/profile?user_id=10705042' AND "users".id <> 1) LIMIT 1[0m
  [4;35;1mUser Load (1.0ms)[0m   [0mSELECT "users".id FROM "users" WHERE (LOWER("users"."username") = 'hatemmahmoud' AND "users".id <> 1) LIMIT 1[0m
  [4;36;1mUser Load (0.0ms)[0m   [0;1mSELECT "users".id FROM "users" WHERE (LOWER("users"."email") = 'aaa@aaa.ccc' AND "users".id <> 1) LIMIT 1[0m
  [4;35;1mUser Load (1.0ms)[0m   [0mSELECT * FROM "users" WHERE ("users"."id" = 1) LIMIT 1[0m
Completed in 164ms (View: 147, DB: 4) | 200 OK [http://localhost/users]


Processing UsersController#destroy (for 127.0.0.1 at 2010-08-02 14:03:04) [DELETE]
  Parameters: {"authenticity_token"=>"HnlDjez0WSlb+5gWLhv+Z8AxUOhAE7tfFa0DRtUCGbg=", "id"=>"1"}
  [4;36;1mUser Load (0.0ms)[0m   [0;1mSELECT * FROM "users" WHERE ("users"."id" = 1) LIMIT 1[0m
  [4;35;1mUser Load (0.0ms)[0m   [0mSELECT "users".id FROM "users" WHERE (LOWER("users"."identifier") = 'http://twitter.com/account/profile?user_id=10705042' AND "users".id <> 1) LIMIT 1[0m
  [4;36;1mUser Load (1.0ms)[0m   [0;1mSELECT "users".id FROM "users" WHERE (LOWER("users"."username") = 'hatemmahmoud' AND "users".id <> 1) LIMIT 1[0m
  [4;35;1mUser Load (0.0ms)[0m   [0mSELECT "users".id FROM "users" WHERE (LOWER("users"."email") = 'aaa@aaa.ccc' AND "users".id <> 1) LIMIT 1[0m
  [4;36;1mUser Load (1.0ms)[0m   [0;1mSELECT * FROM "users" WHERE ("users"."id" = 1) [0m
  [4;35;1mUser Destroy (51.0ms)[0m   [0mDELETE FROM "users" WHERE "id" = 1[0m
Redirected to http://localhost:3007/users
Completed in 115ms (DB: 53) | 302 Found [http://localhost/users/1]


Processing UsersController#index (for 127.0.0.1 at 2010-08-02 14:03:05) [GET]
  [4;36;1mUser Load (0.0ms)[0m   [0;1mSELECT * FROM "users" [0m
Rendering template within layouts/application
Rendering users/index
  [4;35;1mUser Load (1.0ms)[0m   [0mSELECT * FROM "users" WHERE ("users"."id" = 1) LIMIT 1[0m
Completed in 24ms (View: 9, DB: 1) | 200 OK [http://localhost/users]


Processing UsersController#index (for 127.0.0.1 at 2010-08-02 14:04:22) [GET]
  [4;36;1mUser Load (0.0ms)[0m   [0;1mSELECT * FROM "users" [0m
Rendering template within layouts/application
Rendering users/index
  [4;35;1mUser Load (0.0ms)[0m   [0mSELECT * FROM "users" WHERE ("users"."id" = 1) LIMIT 1[0m
Completed in 37ms (View: 20, DB: 0) | 200 OK [http://localhost/users]


Processing UsersController#index (for 127.0.0.1 at 2010-08-02 14:05:27) [GET]
  [4;36;1mUser Load (1.0ms)[0m   [0;1mSELECT * FROM "users" [0m
Rendering template within layouts/application
Rendering users/index
  [4;35;1mUser Load (0.0ms)[0m   [0mSELECT * FROM "users" WHERE ("users"."id" = 1) LIMIT 1[0m
Completed in 28ms (View: 16, DB: 1) | 200 OK [http://localhost/users]
